/mnt/c/Coding/Keploy/DAY5/Keploy-Session-5/cpp_projects/controllers/AuthController.cc:1:10: fatal error: cpp_projects/third_party/libbcrypt/include/bcrypt/BCrypt.hpp: No such file or directory
    1 | #include <cpp_projects/third_party/libbcrypt/include/bcrypt/BCrypt.hpp>
      |          ^~~~~~~~~~~~~~~~~~~~~~~~~~~~~~~~~~~~~~~~~~~~~~~~~~~~~~~~~~~~~~
compilation terminated.
make[2]: *** [CMakeFiles/org_chart_refined_tests.dir/build.make:76: CMakeFiles/org_chart_refined_tests.dir/cpp_projects/controllers/AuthController.cc.o] Error 1
/mnt/c/Coding/Keploy/DAY5/Keploy-Session-5/cpp_projects/controllers/DepartmentsController.cc:1:10: fatal error: DepartmentsController.h: No such file or directory
    1 | #include "DepartmentsController.h"
      |          ^~~~~~~~~~~~~~~~~~~~~~~~~
compilation terminated.
make[2]: *** Waiting for unfinished jobs....
make[2]: *** [CMakeFiles/org_chart_refined_tests.dir/build.make:90: CMakeFiles/org_chart_refined_tests.dir/cpp_projects/controllers/DepartmentsController.cc.o] Error 1
/mnt/c/Coding/Keploy/DAY5/Keploy-Session-5/cpp_projects/controllers/JobsController.cc:1:10: fatal error: JobsController.h: No such file or directory
    1 | #include "JobsController.h"
      |          ^~~~~~~~~~~~~~~~~~
compilation terminated.
make[2]: *** [CMakeFiles/org_chart_refined_tests.dir/build.make:104: CMakeFiles/org_chart_refined_tests.dir/cpp_projects/controllers/JobsController.cc.o] Error 1
make[1]: *** [CMakeFiles/Makefile2:137: CMakeFiles/org_chart_refined_tests.dir/all] Error 2
make[1]: *** Waiting for unfinished jobs....
make: *** [Makefile:146: all] Error 2
